# JRE version: OpenJDK Runtime Environment Temurin-17.0.11+9 (17.0.11+9) (build 17.0.11+9)
# Java VM: OpenJDK 64-Bit Server VM Temurin-17.0.11+9 (17.0.11+9, mixed mode, emulated-client, tiered, compressed oops, compressed class ptrs, g1 gc, windows-amd64)
GC Precious Log:
 CPUs: 4 total, 4 available
 Memory: 3511M
 Large Page Support: Disabled
 NUMA Support: Disabled
 Compressed Oops: Enabled (32-bit)
 Heap Region Size: 1M
 Heap Min Capacity: 8M
 Heap Initial Capacity: 56M
 Heap Max Capacity: 1G
 Pre-touch: Disabled
 Parallel Workers: 4
 Concurrent Workers: 1
 Concurrent Refinement Workers: 4
 Periodic GC: Disabled
Heap:
 garbage-first heap   total 69632K, used 34040K [0x00000000c0000000, 0x0000000100000000)
  region size 1024K, 5 young (5120K), 2 survivors (2048K)
 Metaspace       used 39361K, committed 39808K, reserved 1114112K
  class space    used 5216K, committed 5440K, reserved 1048576K
GC Heap History (20 events):
Event: 4.291 GC heap before
{Heap before GC invocations=2 (full 0):
 garbage-first heap   total 57344K, used 28147K [0x00000000c0000000, 0x0000000100000000)
  region size 1024K, 14 young (14336K), 2 survivors (2048K)
 Metaspace       used 11232K, committed 11328K, reserved 1114112K
  class space    used 1347K, committed 1408K, reserved 1048576K
}
Event: 4.297 GC heap after
{Heap after GC invocations=3 (full 0):
 garbage-first heap   total 57344K, used 17105K [0x00000000c0000000, 0x0000000100000000)
  region size 1024K, 2 young (2048K), 2 survivors (2048K)
 Metaspace       used 11232K, committed 11328K, reserved 1114112K
  class space    used 1347K, committed 1408K, reserved 1048576K
}
Event: 5.106 GC heap before
{Heap before GC invocations=3 (full 0):
 garbage-first heap   total 57344K, used 31441K [0x00000000c0000000, 0x0000000100000000)
  region size 1024K, 16 young (16384K), 2 survivors (2048K)
 Metaspace       used 14106K, committed 14336K, reserved 1114112K
  class space    used 1754K, committed 1856K, reserved 1048576K
}
Event: 5.113 GC heap after
{Heap after GC invocations=4 (full 0):
 garbage-first heap   total 57344K, used 18049K [0x00000000c0000000, 0x0000000100000000)
  region size 1024K, 1 young (1024K), 1 survivors (1024K)
 Metaspace       used 14106K, committed 14336K, reserved 1114112K
  class space    used 1754K, committed 1856K, reserved 1048576K
}
Event: 5.928 GC heap before
{Heap before GC invocations=4 (full 0):
 garbage-first heap   total 57344K, used 36481K [0x00000000c0000000, 0x0000000100000000)
  region size 1024K, 20 young (20480K), 1 survivors (1024K)
 Metaspace       used 18341K, committed 18560K, reserved 1114112K
  class space    used 2312K, committed 2432K, reserved 1048576K
}
Event: 5.933 GC heap after
{Heap after GC invocations=5 (full 0):
 garbage-first heap   total 57344K, used 19941K [0x00000000c0000000, 0x0000000100000000)
  region size 1024K, 3 young (3072K), 3 survivors (3072K)
 Metaspace       used 18341K, committed 18560K, reserved 1114112K
  class space    used 2312K, committed 2432K, reserved 1048576K
}
Event: 6.177 GC heap before
{Heap before GC invocations=5 (full 0):
 garbage-first heap   total 57344K, used 31205K [0x00000000c0000000, 0x0000000100000000)
  region size 1024K, 15 young (15360K), 3 survivors (3072K)
 Metaspace       used 21281K, committed 21568K, reserved 1114112K
  class space    used 2626K, committed 2752K, reserved 1048576K
}
Event: 6.185 GC heap after
{Heap after GC invocations=6 (full 0):
 garbage-first heap   total 57344K, used 21357K [0x00000000c0000000, 0x0000000100000000)
  region size 1024K, 2 young (2048K), 2 survivors (2048K)
 Metaspace       used 21281K, committed 21568K, reserved 1114112K
  class space    used 2626K, committed 2752K, reserved 1048576K
}
Event: 6.466 GC heap before
{Heap before GC invocations=7 (full 0):
 garbage-first heap   total 57344K, used 38765K [0x00000000c0000000, 0x0000000100000000)
  region size 1024K, 19 young (19456K), 2 survivors (2048K)
 Metaspace       used 25001K, committed 25280K, reserved 1114112K
  class space    used 3095K, committed 3264K, reserved 1048576K
}
Event: 6.471 GC heap after
{Heap after GC invocations=8 (full 0):
 garbage-first heap   total 57344K, used 22311K [0x00000000c0000000, 0x0000000100000000)
  region size 1024K, 3 young (3072K), 3 survivors (3072K)
 Metaspace       used 25001K, committed 25280K, reserved 1114112K
  class space    used 3095K, committed 3264K, reserved 1048576K
}
Event: 7.053 GC heap before
{Heap before GC invocations=8 (full 0):
 garbage-first heap   total 57344K, used 39719K [0x00000000c0000000, 0x0000000100000000)
  region size 1024K, 21 young (21504K), 3 survivors (3072K)
 Metaspace       used 27660K, committed 27904K, reserved 1114112K
  class space    used 3463K, committed 3584K, reserved 1048576K
}
Event: 7.060 GC heap after
{Heap after GC invocations=9 (full 0):
 garbage-first heap   total 57344K, used 23868K [0x00000000c0000000, 0x0000000100000000)
  region size 1024K, 3 young (3072K), 3 survivors (3072K)
 Metaspace       used 27660K, committed 27904K, reserved 1114112K
  class space    used 3463K, committed 3584K, reserved 1048576K
}
Event: 7.775 GC heap before
{Heap before GC invocations=9 (full 0):
 garbage-first heap   total 57344K, used 42300K [0x00000000c0000000, 0x0000000100000000)
  region size 1024K, 21 young (21504K), 3 survivors (3072K)
 Metaspace       used 29977K, committed 30336K, reserved 1114112K
  class space    used 3767K, committed 3904K, reserved 1048576K
}
Event: 7.787 GC heap after
{Heap after GC invocations=10 (full 0):
 garbage-first heap   total 57344K, used 25082K [0x00000000c0000000, 0x0000000100000000)
  region size 1024K, 3 young (3072K), 3 survivors (3072K)
 Metaspace       used 29977K, committed 30336K, reserved 1114112K
  class space    used 3767K, committed 3904K, reserved 1048576K
}
Event: 8.482 GC heap before
{Heap before GC invocations=10 (full 0):
 garbage-first heap   total 57344K, used 42490K [0x00000000c0000000, 0x0000000100000000)
  region size 1024K, 21 young (21504K), 3 survivors (3072K)
 Metaspace       used 32345K, committed 32768K, reserved 1114112K
  class space    used 4113K, committed 4288K, reserved 1048576K
}
Event: 8.497 GC heap after
{Heap after GC invocations=11 (full 0):
 garbage-first heap   total 69632K, used 28089K [0x00000000c0000000, 0x0000000100000000)
  region size 1024K, 3 young (3072K), 3 survivors (3072K)
 Metaspace       used 32345K, committed 32768K, reserved 1114112K
  class space    used 4113K, committed 4288K, reserved 1048576K
}
Event: 9.537 GC heap before
{Heap before GC invocations=11 (full 0):
 garbage-first heap   total 69632K, used 47545K [0x00000000c0000000, 0x0000000100000000)
  region size 1024K, 23 young (23552K), 3 survivors (3072K)
 Metaspace       used 35917K, committed 36288K, reserved 1114112K
  class space    used 4633K, committed 4800K, reserved 1048576K
}
Event: 9.551 GC heap after
{Heap after GC invocations=12 (full 0):
 garbage-first heap   total 69632K, used 30458K [0x00000000c0000000, 0x0000000100000000)
  region size 1024K, 4 young (4096K), 4 survivors (4096K)
 Metaspace       used 35917K, committed 36288K, reserved 1114112K
  class space    used 4633K, committed 4800K, reserved 1048576K
}
Event: 11.182 GC heap before
{Heap before GC invocations=13 (full 0):
 garbage-first heap   total 69632K, used 50938K [0x00000000c0000000, 0x0000000100000000)
  region size 1024K, 24 young (24576K), 4 survivors (4096K)
 Metaspace       used 38932K, committed 39296K, reserved 1114112K
  class space    used 5136K, committed 5312K, reserved 1048576K
}
Event: 11.191 GC heap after
{Heap after GC invocations=14 (full 0):
 garbage-first heap   total 69632K, used 31992K [0x00000000c0000000, 0x0000000100000000)
  region size 1024K, 2 young (2048K), 2 survivors (2048K)
 Metaspace       used 38932K, committed 39296K, reserved 1114112K
  class space    used 5136K, committed 5312K, reserved 1048576K
}

