# JRE version: Java(TM) SE Runtime Environment (17.0.8+9) (build 17.0.8+9-LTS-211)
# Java VM: Java HotSpot(TM) 64-Bit Server VM (17.0.8+9-LTS-211, mixed mode, sharing, tiered, compressed oops, compressed class ptrs, g1 gc, windows-amd64)
GC Precious Log:
 CPUs: 4 total, 4 available
 Memory: 3511M
 Large Page Support: Disabled
 NUMA Support: Disabled
 Compressed Oops: Enabled (32-bit)
 Heap Region Size: 1M
 Heap Min Capacity: 256M
 Heap Initial Capacity: 256M
 Heap Max Capacity: 512M
 Pre-touch: Disabled
 Parallel Workers: 4
 Concurrent Workers: 1
 Concurrent Refinement Workers: 4
 Periodic GC: Disabled
Heap:
 garbage-first heap   total 262144K, used 83603K [0x00000000e0000000, 0x0000000100000000)
  region size 1024K, 62 young (63488K), 15 survivors (15360K)
 Metaspace       used 55430K, committed 55872K, reserved 393216K
  class space    used 7370K, committed 7552K, reserved 327680K
GC Heap History (12 events):
Event: 0.862 GC heap before
{Heap before GC invocations=0 (full 0):
 garbage-first heap   total 262144K, used 12288K [0x00000000e0000000, 0x0000000100000000)
  region size 1024K, 13 young (13312K), 0 survivors (0K)
 Metaspace       used 980K, committed 1152K, reserved 393216K
  class space    used 74K, committed 128K, reserved 327680K
}
Event: 0.869 GC heap after
{Heap after GC invocations=1 (full 0):
 garbage-first heap   total 262144K, used 3394K [0x00000000e0000000, 0x0000000100000000)
  region size 1024K, 2 young (2048K), 2 survivors (2048K)
 Metaspace       used 980K, committed 1152K, reserved 393216K
  class space    used 74K, committed 128K, reserved 327680K
}
Event: 1.819 GC heap before
{Heap before GC invocations=1 (full 0):
 garbage-first heap   total 262144K, used 22850K [0x00000000e0000000, 0x0000000100000000)
  region size 1024K, 17 young (17408K), 2 survivors (2048K)
 Metaspace       used 3839K, committed 4032K, reserved 393216K
  class space    used 475K, committed 576K, reserved 327680K
}
Event: 1.826 GC heap after
{Heap after GC invocations=2 (full 0):
 garbage-first heap   total 262144K, used 10525K [0x00000000e0000000, 0x0000000100000000)
  region size 1024K, 3 young (3072K), 3 survivors (3072K)
 Metaspace       used 3839K, committed 4032K, reserved 393216K
  class space    used 475K, committed 576K, reserved 327680K
}
Event: 2.425 GC heap before
{Heap before GC invocations=2 (full 0):
 garbage-first heap   total 262144K, used 31005K [0x00000000e0000000, 0x0000000100000000)
  region size 1024K, 24 young (24576K), 3 survivors (3072K)
 Metaspace       used 3943K, committed 4096K, reserved 393216K
  class space    used 476K, committed 576K, reserved 327680K
}
Event: 2.431 GC heap after
{Heap after GC invocations=3 (full 0):
 garbage-first heap   total 262144K, used 11989K [0x00000000e0000000, 0x0000000100000000)
  region size 1024K, 2 young (2048K), 2 survivors (2048K)
 Metaspace       used 3943K, committed 4096K, reserved 393216K
  class space    used 476K, committed 576K, reserved 327680K
}
Event: 8.619 GC heap before
{Heap before GC invocations=3 (full 0):
 garbage-first heap   total 262144K, used 119509K [0x00000000e0000000, 0x0000000100000000)
  region size 1024K, 107 young (109568K), 2 survivors (2048K)
 Metaspace       used 21165K, committed 21504K, reserved 393216K
  class space    used 3130K, committed 3264K, reserved 327680K
}
Event: 8.643 GC heap after
{Heap after GC invocations=4 (full 0):
 garbage-first heap   total 262144K, used 22296K [0x00000000e0000000, 0x0000000100000000)
  region size 1024K, 12 young (12288K), 12 survivors (12288K)
 Metaspace       used 21165K, committed 21504K, reserved 393216K
  class space    used 3130K, committed 3264K, reserved 327680K
}
Event: 12.512 GC heap before
{Heap before GC invocations=5 (full 0):
 garbage-first heap   total 262144K, used 118552K [0x00000000e0000000, 0x0000000100000000)
  region size 1024K, 104 young (106496K), 12 survivors (12288K)
 Metaspace       used 35568K, committed 35968K, reserved 393216K
  class space    used 4874K, committed 5056K, reserved 327680K
}
Event: 12.543 GC heap after
{Heap after GC invocations=6 (full 0):
 garbage-first heap   total 262144K, used 29462K [0x00000000e0000000, 0x0000000100000000)
  region size 1024K, 8 young (8192K), 8 survivors (8192K)
 Metaspace       used 35568K, committed 35968K, reserved 393216K
  class space    used 4874K, committed 5056K, reserved 327680K
}
Event: 470.992 GC heap before
{Heap before GC invocations=7 (full 0):
 garbage-first heap   total 262144K, used 139030K [0x00000000e0000000, 0x0000000100000000)
  region size 1024K, 116 young (118784K), 8 survivors (8192K)
 Metaspace       used 53364K, committed 53888K, reserved 393216K
  class space    used 7197K, committed 7424K, reserved 327680K
}
Event: 471.055 GC heap after
{Heap after GC invocations=8 (full 0):
 garbage-first heap   total 262144K, used 36499K [0x00000000e0000000, 0x0000000100000000)
  region size 1024K, 15 young (15360K), 15 survivors (15360K)
 Metaspace       used 53364K, committed 53888K, reserved 393216K
  class space    used 7197K, committed 7424K, reserved 327680K
}

