# JRE version: OpenJDK Runtime Environment Temurin-17.0.11+9 (17.0.11+9) (build 17.0.11+9)
# Java VM: OpenJDK 64-Bit Server VM Temurin-17.0.11+9 (17.0.11+9, mixed mode, emulated-client, tiered, compressed oops, compressed class ptrs, g1 gc, windows-amd64)
GC Precious Log:
 CPUs: 4 total, 4 available
 Memory: 3511M
 Large Page Support: Disabled
 NUMA Support: Disabled
 Compressed Oops: Enabled (32-bit)
 Heap Region Size: 1M
 Heap Min Capacity: 8M
 Heap Initial Capacity: 56M
 Heap Max Capacity: 1G
 Pre-touch: Disabled
 Parallel Workers: 4
 Concurrent Workers: 1
 Concurrent Refinement Workers: 4
 Periodic GC: Disabled
Heap:
 garbage-first heap   total 57344K, used 24806K [0x00000000c0000000, 0x0000000100000000)
  region size 1024K, 1 young (1024K), 0 survivors (0K)
 Metaspace       used 39447K, committed 39808K, reserved 1114112K
  class space    used 5245K, committed 5440K, reserved 1048576K
GC Heap History (20 events):
Event: 5107.078 GC heap before
{Heap before GC invocations=291 (full 261):
 garbage-first heap   total 57344K, used 24806K [0x00000000c0000000, 0x0000000100000000)
  region size 1024K, 1 young (1024K), 0 survivors (0K)
 Metaspace       used 39447K, committed 39808K, reserved 1114112K
  class space    used 5245K, committed 5440K, reserved 1048576K
}
Event: 5107.123 GC heap after
{Heap after GC invocations=292 (full 262):
 garbage-first heap   total 57344K, used 24806K [0x00000000c0000000, 0x0000000100000000)
  region size 1024K, 0 young (0K), 0 survivors (0K)
 Metaspace       used 39447K, committed 39808K, reserved 1114112K
  class space    used 5245K, committed 5440K, reserved 1048576K
}
Event: 5117.440 GC heap before
{Heap before GC invocations=292 (full 262):
 garbage-first heap   total 57344K, used 24806K [0x00000000c0000000, 0x0000000100000000)
  region size 1024K, 1 young (1024K), 0 survivors (0K)
 Metaspace       used 39447K, committed 39808K, reserved 1114112K
  class space    used 5245K, committed 5440K, reserved 1048576K
}
Event: 5117.479 GC heap after
{Heap after GC invocations=293 (full 263):
 garbage-first heap   total 57344K, used 24806K [0x00000000c0000000, 0x0000000100000000)
  region size 1024K, 0 young (0K), 0 survivors (0K)
 Metaspace       used 39447K, committed 39808K, reserved 1114112K
  class space    used 5245K, committed 5440K, reserved 1048576K
}
Event: 5129.040 GC heap before
{Heap before GC invocations=293 (full 263):
 garbage-first heap   total 57344K, used 24806K [0x00000000c0000000, 0x0000000100000000)
  region size 1024K, 1 young (1024K), 0 survivors (0K)
 Metaspace       used 39447K, committed 39808K, reserved 1114112K
  class space    used 5245K, committed 5440K, reserved 1048576K
}
Event: 5129.079 GC heap after
{Heap after GC invocations=294 (full 264):
 garbage-first heap   total 57344K, used 24806K [0x00000000c0000000, 0x0000000100000000)
  region size 1024K, 0 young (0K), 0 survivors (0K)
 Metaspace       used 39447K, committed 39808K, reserved 1114112K
  class space    used 5245K, committed 5440K, reserved 1048576K
}
Event: 5139.469 GC heap before
{Heap before GC invocations=294 (full 264):
 garbage-first heap   total 57344K, used 24806K [0x00000000c0000000, 0x0000000100000000)
  region size 1024K, 1 young (1024K), 0 survivors (0K)
 Metaspace       used 39447K, committed 39808K, reserved 1114112K
  class space    used 5245K, committed 5440K, reserved 1048576K
}
Event: 5139.506 GC heap after
{Heap after GC invocations=295 (full 265):
 garbage-first heap   total 57344K, used 24806K [0x00000000c0000000, 0x0000000100000000)
  region size 1024K, 0 young (0K), 0 survivors (0K)
 Metaspace       used 39447K, committed 39808K, reserved 1114112K
  class space    used 5245K, committed 5440K, reserved 1048576K
}
Event: 5151.277 GC heap before
{Heap before GC invocations=295 (full 265):
 garbage-first heap   total 57344K, used 24806K [0x00000000c0000000, 0x0000000100000000)
  region size 1024K, 1 young (1024K), 0 survivors (0K)
 Metaspace       used 39447K, committed 39808K, reserved 1114112K
  class space    used 5245K, committed 5440K, reserved 1048576K
}
Event: 5151.322 GC heap after
{Heap after GC invocations=296 (full 266):
 garbage-first heap   total 57344K, used 24806K [0x00000000c0000000, 0x0000000100000000)
  region size 1024K, 0 young (0K), 0 survivors (0K)
 Metaspace       used 39447K, committed 39808K, reserved 1114112K
  class space    used 5245K, committed 5440K, reserved 1048576K
}
Event: 5167.294 GC heap before
{Heap before GC invocations=296 (full 266):
 garbage-first heap   total 57344K, used 24806K [0x00000000c0000000, 0x0000000100000000)
  region size 1024K, 1 young (1024K), 0 survivors (0K)
 Metaspace       used 39447K, committed 39808K, reserved 1114112K
  class space    used 5245K, committed 5440K, reserved 1048576K
}
Event: 5167.336 GC heap after
{Heap after GC invocations=297 (full 267):
 garbage-first heap   total 57344K, used 24806K [0x00000000c0000000, 0x0000000100000000)
  region size 1024K, 0 young (0K), 0 survivors (0K)
 Metaspace       used 39447K, committed 39808K, reserved 1114112K
  class space    used 5245K, committed 5440K, reserved 1048576K
}
Event: 5177.877 GC heap before
{Heap before GC invocations=297 (full 267):
 garbage-first heap   total 57344K, used 24806K [0x00000000c0000000, 0x0000000100000000)
  region size 1024K, 1 young (1024K), 0 survivors (0K)
 Metaspace       used 39447K, committed 39808K, reserved 1114112K
  class space    used 5245K, committed 5440K, reserved 1048576K
}
Event: 5177.926 GC heap after
{Heap after GC invocations=298 (full 268):
 garbage-first heap   total 57344K, used 24806K [0x00000000c0000000, 0x0000000100000000)
  region size 1024K, 0 young (0K), 0 survivors (0K)
 Metaspace       used 39447K, committed 39808K, reserved 1114112K
  class space    used 5245K, committed 5440K, reserved 1048576K
}
Event: 5188.533 GC heap before
{Heap before GC invocations=298 (full 268):
 garbage-first heap   total 57344K, used 24806K [0x00000000c0000000, 0x0000000100000000)
  region size 1024K, 1 young (1024K), 0 survivors (0K)
 Metaspace       used 39447K, committed 39808K, reserved 1114112K
  class space    used 5245K, committed 5440K, reserved 1048576K
}
Event: 5188.575 GC heap after
{Heap after GC invocations=299 (full 269):
 garbage-first heap   total 57344K, used 24806K [0x00000000c0000000, 0x0000000100000000)
  region size 1024K, 0 young (0K), 0 survivors (0K)
 Metaspace       used 39447K, committed 39808K, reserved 1114112K
  class space    used 5245K, committed 5440K, reserved 1048576K
}
Event: 5200.935 GC heap before
{Heap before GC invocations=299 (full 269):
 garbage-first heap   total 57344K, used 24806K [0x00000000c0000000, 0x0000000100000000)
  region size 1024K, 1 young (1024K), 0 survivors (0K)
 Metaspace       used 39447K, committed 39808K, reserved 1114112K
  class space    used 5245K, committed 5440K, reserved 1048576K
}
Event: 5200.976 GC heap after
{Heap after GC invocations=300 (full 270):
 garbage-first heap   total 57344K, used 24806K [0x00000000c0000000, 0x0000000100000000)
  region size 1024K, 0 young (0K), 0 survivors (0K)
 Metaspace       used 39447K, committed 39808K, reserved 1114112K
  class space    used 5245K, committed 5440K, reserved 1048576K
}
Event: 5214.378 GC heap before
{Heap before GC invocations=300 (full 270):
 garbage-first heap   total 57344K, used 24806K [0x00000000c0000000, 0x0000000100000000)
  region size 1024K, 1 young (1024K), 0 survivors (0K)
 Metaspace       used 39447K, committed 39808K, reserved 1114112K
  class space    used 5245K, committed 5440K, reserved 1048576K
}
Event: 5214.470 GC heap after
{Heap after GC invocations=301 (full 271):
 garbage-first heap   total 57344K, used 24806K [0x00000000c0000000, 0x0000000100000000)
  region size 1024K, 0 young (0K), 0 survivors (0K)
 Metaspace       used 39447K, committed 39808K, reserved 1114112K
  class space    used 5245K, committed 5440K, reserved 1048576K
}

